<?xml version="1.0" encoding="UTF-8" ?>
<testsuite failures="0" time="0.158" errors="0" skipped="0" tests="191" name="logic.MatchStatisticsKeeperTest">
  <properties>
    <property name="java.runtime.name" value="Java(TM) SE Runtime Environment"/>
    <property name="sun.boot.library.path" value="C:\Program Files\Java\jdk1.7.0_55\jre\bin"/>
    <property name="java.vm.version" value="24.55-b03"/>
    <property name="user.country.format" value="FI"/>
    <property name="java.vm.vendor" value="Oracle Corporation"/>
    <property name="java.vendor.url" value="http://java.oracle.com/"/>
    <property name="path.separator" value=";"/>
    <property name="guice.disable.misplaced.annotation.check" value="true"/>
    <property name="java.vm.name" value="Java HotSpot(TM) 64-Bit Server VM"/>
    <property name="file.encoding.pkg" value="sun.io"/>
    <property name="user.script" value=""/>
    <property name="user.country" value="GB"/>
    <property name="sun.java.launcher" value="SUN_STANDARD"/>
    <property name="sun.os.patch.level" value=""/>
    <property name="java.vm.specification.name" value="Java Virtual Machine Specification"/>
    <property name="user.dir" value="C:\Users\Eero\Hearthstone-Arena-Tracker\ArenaStatistics"/>
    <property name="java.runtime.version" value="1.7.0_55-b13"/>
    <property name="java.awt.graphicsenv" value="sun.awt.Win32GraphicsEnvironment"/>
    <property name="java.endorsed.dirs" value="C:\Program Files\Java\jdk1.7.0_55\jre\lib\endorsed"/>
    <property name="os.arch" value="amd64"/>
    <property name="java.io.tmpdir" value="C:\Users\Eero\AppData\Local\Temp\"/>
    <property name="line.separator" value="
"/>
    <property name="java.vm.specification.vendor" value="Oracle Corporation"/>
    <property name="user.variant" value=""/>
    <property name="os.name" value="Windows 8.1"/>
    <property name="maven.ext.class.path" value="C:\Program Files\NetBeans 8.0.2\java\maven-nblib\netbeans-eventspy.jar"/>
    <property name="classworlds.conf" value="C:\Program Files\NetBeans 8.0.2\java\maven\bin\m2.conf"/>
    <property name="sun.jnu.encoding" value="Cp1252"/>
    <property name="java.library.path" value="C:\Program Files\Java\jdk1.7.0_55\bin;C:\WINDOWS\Sun\Java\bin;C:\WINDOWS\system32;C:\WINDOWS;C:\ProgramData\Oracle\Java\javapath;C:\Program Files (x86)\Intel\iCLS Client\;C:\Program Files\Intel\iCLS Client\;C:\WINDOWS\system32;C:\WINDOWS;C:\WINDOWS\System32\Wbem;C:\WINDOWS\System32\WindowsPowerShell\v1.0\;C:\Program Files (x86)\Windows Live\Shared;C:\Program Files (x86)\Intel\OpenCL SDK\3.0\bin\x86;C:\Program Files (x86)\Intel\OpenCL SDK\3.0\bin\x64;C:\Program Files (x86)\Skype\Phone\;C:\Program Files\Intel\Intel(R) Management Engine Components\DAL;C:\Program Files\Intel\Intel(R) Management Engine Components\IPT;C:\Program Files (x86)\Intel\Intel(R) Management Engine Components\DAL;C:\Program Files (x86)\Intel\Intel(R) Management Engine Components\IPT;."/>
    <property name="java.specification.name" value="Java Platform API Specification"/>
    <property name="java.class.version" value="51.0"/>
    <property name="sun.management.compiler" value="HotSpot 64-Bit Tiered Compilers"/>
    <property name="os.version" value="6.3"/>
    <property name="user.home" value="C:\Users\Eero"/>
    <property name="user.timezone" value="Europe/Helsinki"/>
    <property name="java.awt.printerjob" value="sun.awt.windows.WPrinterJob"/>
    <property name="java.specification.version" value="1.7"/>
    <property name="file.encoding" value="UTF-8"/>
    <property name="user.name" value="Eero"/>
    <property name="java.class.path" value="C:\Program Files\NetBeans 8.0.2\java\maven\boot\plexus-classworlds-2.4.jar"/>
    <property name="java.vm.specification.version" value="1.7"/>
    <property name="sun.arch.data.model" value="64"/>
    <property name="java.home" value="C:\Program Files\Java\jdk1.7.0_55\jre"/>
    <property name="sun.java.command" value="org.codehaus.plexus.classworlds.launcher.Launcher -Dmaven.ext.class.path=C:\Program Files\NetBeans 8.0.2\java\maven-nblib\netbeans-eventspy.jar -Dfile.encoding=UTF-8 clean install"/>
    <property name="java.specification.vendor" value="Oracle Corporation"/>
    <property name="user.language" value="en"/>
    <property name="user.language.format" value="fi"/>
    <property name="awt.toolkit" value="sun.awt.windows.WToolkit"/>
    <property name="java.vm.info" value="mixed mode"/>
    <property name="java.version" value="1.7.0_55"/>
    <property name="java.ext.dirs" value="C:\Program Files\Java\jdk1.7.0_55\jre\lib\ext;C:\WINDOWS\Sun\Java\lib\ext"/>
    <property name="sun.boot.class.path" value="C:\Program Files\Java\jdk1.7.0_55\jre\lib\resources.jar;C:\Program Files\Java\jdk1.7.0_55\jre\lib\rt.jar;C:\Program Files\Java\jdk1.7.0_55\jre\lib\sunrsasign.jar;C:\Program Files\Java\jdk1.7.0_55\jre\lib\jsse.jar;C:\Program Files\Java\jdk1.7.0_55\jre\lib\jce.jar;C:\Program Files\Java\jdk1.7.0_55\jre\lib\charsets.jar;C:\Program Files\Java\jdk1.7.0_55\jre\lib\jfr.jar;C:\Program Files\Java\jdk1.7.0_55\jre\classes"/>
    <property name="java.vendor" value="Oracle Corporation"/>
    <property name="maven.home" value="C:\Program Files\NetBeans 8.0.2\java\maven"/>
    <property name="file.separator" value="\"/>
    <property name="java.vendor.url.bug" value="http://bugreport.sun.com/bugreport/"/>
    <property name="sun.cpu.endian" value="little"/>
    <property name="sun.io.unicode.encoding" value="UnicodeLittle"/>
    <property name="sun.desktop" value="windows"/>
    <property name="sun.cpu.isalist" value="amd64"/>
  </properties>
  <testcase time="0.005" classname="logic.MatchStatisticsKeeperTest" name="set_losses_in_class_vs_class_1st_works_correctly"/>
  <testcase time="0.001" classname="logic.MatchStatisticsKeeperTest" name="set_wins_as_class_1st_works_correctly"/>
  <testcase time="0.001" classname="logic.MatchStatisticsKeeperTest" name="loss_percentage_vs_class_total_is_correct1"/>
  <testcase time="0.001" classname="logic.MatchStatisticsKeeperTest" name="loss_percentage_vs_class_total_is_correct2"/>
  <testcase time="0.001" classname="logic.MatchStatisticsKeeperTest" name="loss_percentage_vs_class_total_is_correct3"/>
  <testcase time="0.001" classname="logic.MatchStatisticsKeeperTest" name="loss_percentage_vs_class_total_is_correct4"/>
  <testcase time="0.001" classname="logic.MatchStatisticsKeeperTest" name="loss_percentage_vs_class_total_is_correct5"/>
  <testcase time="0.001" classname="logic.MatchStatisticsKeeperTest" name="loss_percentage_vs_class_total_is_correct6"/>
  <testcase time="0.002" classname="logic.MatchStatisticsKeeperTest" name="set_wins_in_class_vs_class_1st_works_correctly"/>
  <testcase time="0.001" classname="logic.MatchStatisticsKeeperTest" name="set_losses_vs_class_1st_works_correctly"/>
  <testcase time="0.001" classname="logic.MatchStatisticsKeeperTest" name="loss_percentage_as_class_1st_is_correct1"/>
  <testcase time="0.001" classname="logic.MatchStatisticsKeeperTest" name="loss_percentage_as_class_1st_is_correct2"/>
  <testcase time="0.006" classname="logic.MatchStatisticsKeeperTest" name="matches_as_class_total_is_correct1"/>
  <testcase time="0.001" classname="logic.MatchStatisticsKeeperTest" name="matches_as_class_total_is_correct2"/>
  <testcase time="0" classname="logic.MatchStatisticsKeeperTest" name="matches_as_class_total_is_correct3"/>
  <testcase time="0.001" classname="logic.MatchStatisticsKeeperTest" name="remove_match_affects_win_percentage_in_class_vs_class_total"/>
  <testcase time="0.001" classname="logic.MatchStatisticsKeeperTest" name="loss_percentage_as_class_2nd_is_correct1"/>
  <testcase time="0.001" classname="logic.MatchStatisticsKeeperTest" name="loss_percentage_as_class_2nd_is_correct2"/>
  <testcase time="0" classname="logic.MatchStatisticsKeeperTest" name="loss_percentage_as_class_2nd_is_correct3"/>
  <testcase time="0" classname="logic.MatchStatisticsKeeperTest" name="losses_as_class_total_is_correct1"/>
  <testcase time="0.001" classname="logic.MatchStatisticsKeeperTest" name="losses_as_class_total_is_correct2"/>
  <testcase time="0.001" classname="logic.MatchStatisticsKeeperTest" name="losses_as_class_total_is_correct3"/>
  <testcase time="0" classname="logic.MatchStatisticsKeeperTest" name="remove_match_affects_win_percentage_as_class_1st"/>
  <testcase time="0" classname="logic.MatchStatisticsKeeperTest" name="remove_match_affects_win_percentage_as_class_2nd"/>
  <testcase time="0.001" classname="logic.MatchStatisticsKeeperTest" name="remove_match_removes_match_from_wins_as_class_1st"/>
  <testcase time="0.001" classname="logic.MatchStatisticsKeeperTest" name="remove_match_removes_match_from_wins_as_class_2nd"/>
  <testcase time="0.001" classname="logic.MatchStatisticsKeeperTest" name="total_loss_percent_is_correct"/>
  <testcase time="0" classname="logic.MatchStatisticsKeeperTest" name="remove_match_removes_match_from_matches_vs_class_1st"/>
  <testcase time="0.001" classname="logic.MatchStatisticsKeeperTest" name="remove_match_removes_match_from_matches_vs_class_2nd"/>
  <testcase time="0.001" classname="logic.MatchStatisticsKeeperTest" name="remove_match_removes_match_from_losses_vs_class_1st"/>
  <testcase time="0" classname="logic.MatchStatisticsKeeperTest" name="remove_match_removes_match_from_losses_vs_class_2nd"/>
  <testcase time="0" classname="logic.MatchStatisticsKeeperTest" name="total_wins_is_correct"/>
  <testcase time="0.001" classname="logic.MatchStatisticsKeeperTest" name="set_losses_as_class_2nd_works_correctly"/>
  <testcase time="0.001" classname="logic.MatchStatisticsKeeperTest" name="matches_vs_class_total_is_correct1"/>
  <testcase time="0" classname="logic.MatchStatisticsKeeperTest" name="matches_vs_class_total_is_correct2"/>
  <testcase time="0.001" classname="logic.MatchStatisticsKeeperTest" name="matches_vs_class_total_is_correct3"/>
  <testcase time="0" classname="logic.MatchStatisticsKeeperTest" name="matches_vs_class_total_is_correct4"/>
  <testcase time="0" classname="logic.MatchStatisticsKeeperTest" name="matches_vs_class_total_is_correct5"/>
  <testcase time="0.001" classname="logic.MatchStatisticsKeeperTest" name="matches_vs_class_total_is_correct6"/>
  <testcase time="0.001" classname="logic.MatchStatisticsKeeperTest" name="set_win_per_vs_class_2nd_works_correctly"/>
  <testcase time="0.001" classname="logic.MatchStatisticsKeeperTest" name="set_win_per_class_vs_class_2nd_works_correctly"/>
  <testcase time="0" classname="logic.MatchStatisticsKeeperTest" name="win_percentage_class_vs_class_going_second_is_correct1"/>
  <testcase time="0.001" classname="logic.MatchStatisticsKeeperTest" name="win_percentage_class_vs_class_going_second_is_correct2"/>
  <testcase time="0.001" classname="logic.MatchStatisticsKeeperTest" name="losses_in_class_vs_class_is_correct1"/>
  <testcase time="0" classname="logic.MatchStatisticsKeeperTest" name="losses_in_class_vs_class_is_correct2"/>
  <testcase time="0" classname="logic.MatchStatisticsKeeperTest" name="losses_in_class_vs_class_is_correct3"/>
  <testcase time="0.001" classname="logic.MatchStatisticsKeeperTest" name="losses_in_class_vs_class_is_correct4"/>
  <testcase time="0" classname="logic.MatchStatisticsKeeperTest" name="losses_vs_class_total_is_correct1"/>
  <testcase time="0.001" classname="logic.MatchStatisticsKeeperTest" name="losses_vs_class_total_is_correct2"/>
  <testcase time="0" classname="logic.MatchStatisticsKeeperTest" name="losses_vs_class_total_is_correct3"/>
  <testcase time="0.001" classname="logic.MatchStatisticsKeeperTest" name="losses_vs_class_total_is_correct4"/>
  <testcase time="0" classname="logic.MatchStatisticsKeeperTest" name="set_matches_in_class_vs_class_2nd_works_correctly"/>
  <testcase time="0.001" classname="logic.MatchStatisticsKeeperTest" name="set_losses_as_class_1st_works_correctly"/>
  <testcase time="0" classname="logic.MatchStatisticsKeeperTest" name="set_win_per_vs_class_1st_works_correctly"/>
  <testcase time="0" classname="logic.MatchStatisticsKeeperTest" name="set_win_per_class_vs_class_1st_works_correctly"/>
  <testcase time="0" classname="logic.MatchStatisticsKeeperTest" name="wins_in_class_vs_class_total_is_correct1"/>
  <testcase time="0.001" classname="logic.MatchStatisticsKeeperTest" name="wins_in_class_vs_class_total_is_correct2"/>
  <testcase time="0" classname="logic.MatchStatisticsKeeperTest" name="wins_in_class_vs_class_total_is_correct3"/>
  <testcase time="0.001" classname="logic.MatchStatisticsKeeperTest" name="total_loss_percent_is_zero_when_only_disconnects"/>
  <testcase time="0.001" classname="logic.MatchStatisticsKeeperTest" name="matches_as_class_going_1st_are_correct1"/>
  <testcase time="0.001" classname="logic.MatchStatisticsKeeperTest" name="matches_as_class_going_1st_are_correct2"/>
  <testcase time="0" classname="logic.MatchStatisticsKeeperTest" name="remove_match_affects_win_percentage_vs_class_total"/>
  <testcase time="0" classname="logic.MatchStatisticsKeeperTest" name="set_matches_in_class_vs_class_1st_works_correctly"/>
  <testcase time="0" classname="logic.MatchStatisticsKeeperTest" name="matches_as_class_going_2nd_are_correct1"/>
  <testcase time="0.001" classname="logic.MatchStatisticsKeeperTest" name="matches_as_class_going_2nd_are_correct2"/>
  <testcase time="0" classname="logic.MatchStatisticsKeeperTest" name="matches_as_class_going_2nd_are_correct3"/>
  <testcase time="0" classname="logic.MatchStatisticsKeeperTest" name="matches_in_class_vs_class_total_is_correct1"/>
  <testcase time="0" classname="logic.MatchStatisticsKeeperTest" name="matches_in_class_vs_class_total_is_correct2"/>
  <testcase time="0" classname="logic.MatchStatisticsKeeperTest" name="matches_in_class_vs_class_total_is_correct3"/>
  <testcase time="0.001" classname="logic.MatchStatisticsKeeperTest" name="matches_in_class_vs_class_total_is_correct4"/>
  <testcase time="0" classname="logic.MatchStatisticsKeeperTest" name="matches_in_class_vs_class_total_is_correct5"/>
  <testcase time="0.001" classname="logic.MatchStatisticsKeeperTest" name="matches_in_class_vs_class_total_is_correct6"/>
  <testcase time="0" classname="logic.MatchStatisticsKeeperTest" name="win_percentage_class_vs_class_going_1st_is_correct1"/>
  <testcase time="0" classname="logic.MatchStatisticsKeeperTest" name="win_percentage_class_vs_class_going_1st_is_correct2"/>
  <testcase time="0" classname="logic.MatchStatisticsKeeperTest" name="remove_match_removes_match_from_matches_in_class_vs_class_1st"/>
  <testcase time="0.001" classname="logic.MatchStatisticsKeeperTest" name="remove_match_removes_match_from_matches_in_class_vs_class_2nd"/>
  <testcase time="0" classname="logic.MatchStatisticsKeeperTest" name="set_win_per_as_class_2nd_works_correctly"/>
  <testcase time="0.001" classname="logic.MatchStatisticsKeeperTest" name="loss_percentage_in_class_vs_class_1st_is_correct1"/>
  <testcase time="0" classname="logic.MatchStatisticsKeeperTest" name="loss_percentage_in_class_vs_class_1st_is_correct2"/>
  <testcase time="0.001" classname="logic.MatchStatisticsKeeperTest" name="loss_percentage_in_class_vs_class_1st_is_correct3"/>
  <testcase time="0" classname="logic.MatchStatisticsKeeperTest" name="loss_percentage_in_class_vs_class_2nd_is_correct1"/>
  <testcase time="0" classname="logic.MatchStatisticsKeeperTest" name="loss_percentage_in_class_vs_class_2nd_is_correct2"/>
  <testcase time="0" classname="logic.MatchStatisticsKeeperTest" name="loss_percentage_in_class_vs_class_2nd_is_correct3"/>
  <testcase time="0" classname="logic.MatchStatisticsKeeperTest" name="remove_match_removes_match_from_matches_as_class_1st"/>
  <testcase time="0" classname="logic.MatchStatisticsKeeperTest" name="remove_match_removes_match_from_matches_as_class_2nd"/>
  <testcase time="0" classname="logic.MatchStatisticsKeeperTest" name="set_win_per_as_class_1st_works_correctly"/>
  <testcase time="0.001" classname="logic.MatchStatisticsKeeperTest" name="remove_match_removes_match_from_losses_as_class_1st"/>
  <testcase time="0" classname="logic.MatchStatisticsKeeperTest" name="remove_match_removes_match_from_losses_as_class_2nd"/>
  <testcase time="0.001" classname="logic.MatchStatisticsKeeperTest" name="set_matches_vs_class_2nd_works_correctly"/>
  <testcase time="0" classname="logic.MatchStatisticsKeeperTest" name="win_percentage_as_class_going_1st_is_correct1"/>
  <testcase time="0" classname="logic.MatchStatisticsKeeperTest" name="win_percentage_as_class_going_1st_is_correct2"/>
  <testcase time="0" classname="logic.MatchStatisticsKeeperTest" name="total_losses_is_correct"/>
  <testcase time="0.003" classname="logic.MatchStatisticsKeeperTest" name="win_percentage_as_class_going_2nd_is_correct1"/>
  <testcase time="0" classname="logic.MatchStatisticsKeeperTest" name="win_percentage_as_class_going_2nd_is_correct2"/>
  <testcase time="0" classname="logic.MatchStatisticsKeeperTest" name="set_matches_vs_class_1st_works_correctly"/>
  <testcase time="0" classname="logic.MatchStatisticsKeeperTest" name="remove_match_removes_match_from_wins_in_class_vs_class_1st"/>
  <testcase time="0.001" classname="logic.MatchStatisticsKeeperTest" name="remove_match_removes_match_from_wins_in_class_vs_class_2nd"/>
  <testcase time="0" classname="logic.MatchStatisticsKeeperTest" name="set_wins_vs_class_2nd_works_correctly"/>
  <testcase time="0.001" classname="logic.MatchStatisticsKeeperTest" name="total_win_percent_is_correct"/>
  <testcase time="0" classname="logic.MatchStatisticsKeeperTest" name="win_percentage_vs_class_going_1st_is_correct1"/>
  <testcase time="0.001" classname="logic.MatchStatisticsKeeperTest" name="win_percentage_vs_class_going_1st_is_correct2"/>
  <testcase time="0" classname="logic.MatchStatisticsKeeperTest" name="loss_percentage_vs_class_1st_is_correct1"/>
  <testcase time="0" classname="logic.MatchStatisticsKeeperTest" name="loss_percentage_vs_class_1st_is_correct2"/>
  <testcase time="0.001" classname="logic.MatchStatisticsKeeperTest" name="loss_percentage_vs_class_1st_is_correct3"/>
  <testcase time="0" classname="logic.MatchStatisticsKeeperTest" name="wins_as_class_total_is_correct1"/>
  <testcase time="0.001" classname="logic.MatchStatisticsKeeperTest" name="wins_as_class_total_is_correct2"/>
  <testcase time="0" classname="logic.MatchStatisticsKeeperTest" name="win_percentage_vs_class_going_2nd_is_correct1"/>
  <testcase time="0.001" classname="logic.MatchStatisticsKeeperTest" name="win_percentage_vs_class_going_2nd_is_correct2"/>
  <testcase time="0" classname="logic.MatchStatisticsKeeperTest" name="matches_vs_class_going_1st_is_correct1"/>
  <testcase time="0.001" classname="logic.MatchStatisticsKeeperTest" name="matches_vs_class_going_1st_is_correct2"/>
  <testcase time="0" classname="logic.MatchStatisticsKeeperTest" name="matches_vs_class_going_1st_is_correct3"/>
  <testcase time="0" classname="logic.MatchStatisticsKeeperTest" name="matches_vs_class_going_1st_is_correct4"/>
  <testcase time="0" classname="logic.MatchStatisticsKeeperTest" name="loss_percentage_vs_class_2nd_is_correct1"/>
  <testcase time="0" classname="logic.MatchStatisticsKeeperTest" name="loss_percentage_vs_class_2nd_is_correct2"/>
  <testcase time="0.001" classname="logic.MatchStatisticsKeeperTest" name="loss_percentage_vs_class_2nd_is_correct3"/>
  <testcase time="0" classname="logic.MatchStatisticsKeeperTest" name="set_wins_vs_class_1st_works_correctly"/>
  <testcase time="0.001" classname="logic.MatchStatisticsKeeperTest" name="remove_match_removes_match_from_wins_vs_class_1st"/>
  <testcase time="0" classname="logic.MatchStatisticsKeeperTest" name="remove_match_removes_match_from_wins_vs_class_2nd"/>
  <testcase time="0" classname="logic.MatchStatisticsKeeperTest" name="matches_vs_class_going_2nd_is_correct1"/>
  <testcase time="0" classname="logic.MatchStatisticsKeeperTest" name="matches_vs_class_going_2nd_is_correct2"/>
  <testcase time="0" classname="logic.MatchStatisticsKeeperTest" name="matches_vs_class_going_2nd_is_correct3"/>
  <testcase time="0.001" classname="logic.MatchStatisticsKeeperTest" name="matches_vs_class_going_2nd_is_correct4"/>
  <testcase time="0" classname="logic.MatchStatisticsKeeperTest" name="losses_in_class_vs_class_going_1st_is_correct1"/>
  <testcase time="0.001" classname="logic.MatchStatisticsKeeperTest" name="losses_in_class_vs_class_going_1st_is_correct2"/>
  <testcase time="0" classname="logic.MatchStatisticsKeeperTest" name="win_percentage_in_class_vs_class_total_is_correct1"/>
  <testcase time="0.001" classname="logic.MatchStatisticsKeeperTest" name="win_percentage_in_class_vs_class_total_is_correct2"/>
  <testcase time="0" classname="logic.MatchStatisticsKeeperTest" name="win_percentage_in_class_vs_class_total_is_correct3"/>
  <testcase time="0" classname="logic.MatchStatisticsKeeperTest" name="win_percentage_in_class_vs_class_total_is_correct4"/>
  <testcase time="0" classname="logic.MatchStatisticsKeeperTest" name="win_percentage_in_class_vs_class_total_is_correct5"/>
  <testcase time="0.001" classname="logic.MatchStatisticsKeeperTest" name="win_percentage_in_class_vs_class_total_is_correct6"/>
  <testcase time="0.001" classname="logic.MatchStatisticsKeeperTest" name="losses_in_class_vs_class_going_2nd_is_correct1"/>
  <testcase time="0" classname="logic.MatchStatisticsKeeperTest" name="losses_in_class_vs_class_going_2nd_is_correct2"/>
  <testcase time="0.001" classname="logic.MatchStatisticsKeeperTest" name="losses_in_class_vs_class_going_2nd_is_correct3"/>
  <testcase time="0" classname="logic.MatchStatisticsKeeperTest" name="win_percentage_as_class_total_is_correct1"/>
  <testcase time="0.001" classname="logic.MatchStatisticsKeeperTest" name="win_percentage_as_class_total_is_correct2"/>
  <testcase time="0" classname="logic.MatchStatisticsKeeperTest" name="win_percentage_as_class_total_is_correct3"/>
  <testcase time="0.001" classname="logic.MatchStatisticsKeeperTest" name="matches_in_class_vs_class_going_1st_is_correct1"/>
  <testcase time="0" classname="logic.MatchStatisticsKeeperTest" name="matches_in_class_vs_class_going_1st_is_correct2"/>
  <testcase time="0" classname="logic.MatchStatisticsKeeperTest" name="matches_in_class_vs_class_going_1st_is_correct3"/>
  <testcase time="0" classname="logic.MatchStatisticsKeeperTest" name="wins_as_class_going_1st_is_correct1"/>
  <testcase time="0.001" classname="logic.MatchStatisticsKeeperTest" name="wins_as_class_going_1st_is_correct2"/>
  <testcase time="0" classname="logic.MatchStatisticsKeeperTest" name="wins_in_class_vs_class_going_1st_is_correct1"/>
  <testcase time="0.001" classname="logic.MatchStatisticsKeeperTest" name="wins_in_class_vs_class_going_1st_is_correct2"/>
  <testcase time="0" classname="logic.MatchStatisticsKeeperTest" name="loss_percentage_in_class_vs_class_total_is_correct1"/>
  <testcase time="0.001" classname="logic.MatchStatisticsKeeperTest" name="loss_percentage_in_class_vs_class_total_is_correct2"/>
  <testcase time="0" classname="logic.MatchStatisticsKeeperTest" name="loss_percentage_in_class_vs_class_total_is_correct3"/>
  <testcase time="0" classname="logic.MatchStatisticsKeeperTest" name="loss_percentage_in_class_vs_class_total_is_correct4"/>
  <testcase time="0.001" classname="logic.MatchStatisticsKeeperTest" name="loss_percentage_in_class_vs_class_total_is_correct5"/>
  <testcase time="0" classname="logic.MatchStatisticsKeeperTest" name="loss_percentage_in_class_vs_class_total_is_correct6"/>
  <testcase time="0.001" classname="logic.MatchStatisticsKeeperTest" name="matches_in_class_vs_class_going_2nd_is_correct1"/>
  <testcase time="0" classname="logic.MatchStatisticsKeeperTest" name="matches_in_class_vs_class_going_2nd_is_correct2"/>
  <testcase time="0" classname="logic.MatchStatisticsKeeperTest" name="matches_in_class_vs_class_going_2nd_is_correct3"/>
  <testcase time="0.001" classname="logic.MatchStatisticsKeeperTest" name="set_matches_as_class_2nd_works_correctly"/>
  <testcase time="0" classname="logic.MatchStatisticsKeeperTest" name="wins_as_class_going_2nd_is_correct1"/>
  <testcase time="0.001" classname="logic.MatchStatisticsKeeperTest" name="wins_as_class_going_2nd_is_correct2"/>
  <testcase time="0" classname="logic.MatchStatisticsKeeperTest" name="loss_percentage_as_class_total_is_correct1"/>
  <testcase time="0" classname="logic.MatchStatisticsKeeperTest" name="loss_percentage_as_class_total_is_correct2"/>
  <testcase time="0" classname="logic.MatchStatisticsKeeperTest" name="loss_percentage_as_class_total_is_correct3"/>
  <testcase time="0.001" classname="logic.MatchStatisticsKeeperTest" name="wins_in_class_vs_class_going_2nd_is_correct1"/>
  <testcase time="0" classname="logic.MatchStatisticsKeeperTest" name="wins_in_class_vs_class_going_2nd_is_correct2"/>
  <testcase time="0" classname="logic.MatchStatisticsKeeperTest" name="losses_as_class_going_1st_is_correct1"/>
  <testcase time="0" classname="logic.MatchStatisticsKeeperTest" name="losses_as_class_going_1st_is_correct2"/>
  <testcase time="0.001" classname="logic.MatchStatisticsKeeperTest" name="wins_vs_class_total_is_correct1"/>
  <testcase time="0" classname="logic.MatchStatisticsKeeperTest" name="wins_vs_class_total_is_correct2"/>
  <testcase time="0.001" classname="logic.MatchStatisticsKeeperTest" name="wins_vs_class_total_is_correct3"/>
  <testcase time="0" classname="logic.MatchStatisticsKeeperTest" name="wins_vs_class_going_1st_is_correct1"/>
  <testcase time="0" classname="logic.MatchStatisticsKeeperTest" name="wins_vs_class_going_1st_is_correct2"/>
  <testcase time="0" classname="logic.MatchStatisticsKeeperTest" name="remove_match_removes_match_from_losses_in_class_vs_class_1st"/>
  <testcase time="0" classname="logic.MatchStatisticsKeeperTest" name="remove_match_removes_match_from_losses_in_class_vs_class_2nd"/>
  <testcase time="0.001" classname="logic.MatchStatisticsKeeperTest" name="losses_as_class_going_2nd_is_correct1"/>
  <testcase time="0" classname="logic.MatchStatisticsKeeperTest" name="losses_as_class_going_2nd_is_correct2"/>
  <testcase time="0.001" classname="logic.MatchStatisticsKeeperTest" name="losses_as_class_going_2nd_is_correct3"/>
  <testcase time="0" classname="logic.MatchStatisticsKeeperTest" name="wins_vs_class_going_2nd_is_correct1"/>
  <testcase time="0.001" classname="logic.MatchStatisticsKeeperTest" name="wins_vs_class_going_2nd_is_correct2"/>
  <testcase time="0" classname="logic.MatchStatisticsKeeperTest" name="set_losses_in_class_vs_class_2nd_works_correctly"/>
  <testcase time="0.001" classname="logic.MatchStatisticsKeeperTest" name="set_matches_as_class_1st_works_correctly"/>
  <testcase time="0" classname="logic.MatchStatisticsKeeperTest" name="losses_vs_class_going_1st_is_correct1"/>
  <testcase time="0.003" classname="logic.MatchStatisticsKeeperTest" name="losses_vs_class_going_1st_is_correct2"/>
  <testcase time="0.001" classname="logic.MatchStatisticsKeeperTest" name="set_wins_as_class_2nd_works_correctly"/>
  <testcase time="0" classname="logic.MatchStatisticsKeeperTest" name="set_wins_in_class_vs_class_2nd_works_correctly"/>
  <testcase time="0" classname="logic.MatchStatisticsKeeperTest" name="set_losses_vs_class_2nd_works_correctly"/>
  <testcase time="0" classname="logic.MatchStatisticsKeeperTest" name="total_matches_is_correct"/>
  <testcase time="0" classname="logic.MatchStatisticsKeeperTest" name="win_percentage_vs_class_total_is_correct1"/>
  <testcase time="0" classname="logic.MatchStatisticsKeeperTest" name="win_percentage_vs_class_total_is_correct2"/>
  <testcase time="0" classname="logic.MatchStatisticsKeeperTest" name="win_percentage_vs_class_total_is_correct3"/>
  <testcase time="0.001" classname="logic.MatchStatisticsKeeperTest" name="win_percentage_vs_class_total_is_correct4"/>
  <testcase time="0" classname="logic.MatchStatisticsKeeperTest" name="win_percentage_vs_class_total_is_correct5"/>
  <testcase time="0.001" classname="logic.MatchStatisticsKeeperTest" name="win_percentage_vs_class_total_is_correct6"/>
  <testcase time="0" classname="logic.MatchStatisticsKeeperTest" name="losses_vs_class_going_2nd_is_correct1"/>
  <testcase time="0" classname="logic.MatchStatisticsKeeperTest" name="losses_vs_class_going_2nd_is_correct2"/>
  <testcase time="0.001" classname="logic.MatchStatisticsKeeperTest" name="losses_vs_class_going_2nd_is_correct3"/>
</testsuite>