<?xml version="1.0" encoding="UTF-8" ?>
<testsuite tests="36" failures="0" name="logic.DeckHandlerTest" time="0.005" errors="0" skipped="0">
  <properties>
    <property name="java.runtime.name" value="Java(TM) SE Runtime Environment"/>
    <property name="sun.boot.library.path" value="C:\Program Files\Java\jdk1.8.0_60\jre\bin"/>
    <property name="java.vm.version" value="25.60-b23"/>
    <property name="user.country.format" value="FI"/>
    <property name="java.vm.vendor" value="Oracle Corporation"/>
    <property name="java.vendor.url" value="http://java.oracle.com/"/>
    <property name="path.separator" value=";"/>
    <property name="guice.disable.misplaced.annotation.check" value="true"/>
    <property name="java.vm.name" value="Java HotSpot(TM) 64-Bit Server VM"/>
    <property name="file.encoding.pkg" value="sun.io"/>
    <property name="user.script" value=""/>
    <property name="user.country" value="GB"/>
    <property name="sun.java.launcher" value="SUN_STANDARD"/>
    <property name="sun.os.patch.level" value=""/>
    <property name="java.vm.specification.name" value="Java Virtual Machine Specification"/>
    <property name="user.dir" value="C:\Users\Eero\Hearthstone-Arena-Tracker\ArenaStatistics"/>
    <property name="java.runtime.version" value="1.8.0_60-b27"/>
    <property name="java.awt.graphicsenv" value="sun.awt.Win32GraphicsEnvironment"/>
    <property name="java.endorsed.dirs" value="C:\Program Files\Java\jdk1.8.0_60\jre\lib\endorsed"/>
    <property name="os.arch" value="amd64"/>
    <property name="java.io.tmpdir" value="C:\Users\Eero\AppData\Local\Temp\"/>
    <property name="line.separator" value="
"/>
    <property name="java.vm.specification.vendor" value="Oracle Corporation"/>
    <property name="user.variant" value=""/>
    <property name="os.name" value="Windows 8.1"/>
    <property name="maven.ext.class.path" value="C:\Program Files\NetBeans 8.0.2\java\maven-nblib\netbeans-eventspy.jar"/>
    <property name="classworlds.conf" value="C:\Program Files\NetBeans 8.0.2\java\maven\bin\m2.conf"/>
    <property name="sun.jnu.encoding" value="Cp1252"/>
    <property name="java.library.path" value="C:\Program Files\Java\jdk1.8.0_60\bin;C:\WINDOWS\Sun\Java\bin;C:\WINDOWS\system32;C:\WINDOWS;C:\ProgramData\Oracle\Java\javapath;C:\Program Files (x86)\Intel\iCLS Client\;C:\Program Files\Intel\iCLS Client\;C:\WINDOWS\system32;C:\WINDOWS;C:\WINDOWS\System32\Wbem;C:\WINDOWS\System32\WindowsPowerShell\v1.0\;C:\Program Files (x86)\Windows Live\Shared;C:\Program Files (x86)\Intel\OpenCL SDK\3.0\bin\x86;C:\Program Files (x86)\Intel\OpenCL SDK\3.0\bin\x64;C:\Program Files\Intel\Intel(R) Management Engine Components\DAL;C:\Program Files\Intel\Intel(R) Management Engine Components\IPT;C:\Program Files (x86)\Intel\Intel(R) Management Engine Components\DAL;C:\Program Files (x86)\Intel\Intel(R) Management Engine Components\IPT;C:\Users\Eero\Documents\apache-maven-3.3.3\bin;C:\Program Files (x86)\Skype\Phone\;."/>
    <property name="java.specification.name" value="Java Platform API Specification"/>
    <property name="java.class.version" value="52.0"/>
    <property name="sun.management.compiler" value="HotSpot 64-Bit Tiered Compilers"/>
    <property name="os.version" value="6.3"/>
    <property name="user.home" value="C:\Users\Eero"/>
    <property name="user.timezone" value="Europe/Helsinki"/>
    <property name="java.awt.printerjob" value="sun.awt.windows.WPrinterJob"/>
    <property name="java.specification.version" value="1.8"/>
    <property name="file.encoding" value="UTF-8"/>
    <property name="user.name" value="Eero"/>
    <property name="java.class.path" value="C:\Program Files\NetBeans 8.0.2\java\maven\boot\plexus-classworlds-2.4.jar"/>
    <property name="java.vm.specification.version" value="1.8"/>
    <property name="sun.arch.data.model" value="64"/>
    <property name="java.home" value="C:\Program Files\Java\jdk1.8.0_60\jre"/>
    <property name="sun.java.command" value="org.codehaus.plexus.classworlds.launcher.Launcher -Dmaven.ext.class.path=C:\Program Files\NetBeans 8.0.2\java\maven-nblib\netbeans-eventspy.jar -Dfile.encoding=UTF-8 clean install"/>
    <property name="java.specification.vendor" value="Oracle Corporation"/>
    <property name="user.language" value="en"/>
    <property name="user.language.format" value="fi"/>
    <property name="awt.toolkit" value="sun.awt.windows.WToolkit"/>
    <property name="java.vm.info" value="mixed mode"/>
    <property name="java.version" value="1.8.0_60"/>
    <property name="java.ext.dirs" value="C:\Program Files\Java\jdk1.8.0_60\jre\lib\ext;C:\WINDOWS\Sun\Java\lib\ext"/>
    <property name="sun.boot.class.path" value="C:\Program Files\Java\jdk1.8.0_60\jre\lib\resources.jar;C:\Program Files\Java\jdk1.8.0_60\jre\lib\rt.jar;C:\Program Files\Java\jdk1.8.0_60\jre\lib\sunrsasign.jar;C:\Program Files\Java\jdk1.8.0_60\jre\lib\jsse.jar;C:\Program Files\Java\jdk1.8.0_60\jre\lib\jce.jar;C:\Program Files\Java\jdk1.8.0_60\jre\lib\charsets.jar;C:\Program Files\Java\jdk1.8.0_60\jre\lib\jfr.jar;C:\Program Files\Java\jdk1.8.0_60\jre\classes"/>
    <property name="java.vendor" value="Oracle Corporation"/>
    <property name="maven.home" value="C:\Program Files\NetBeans 8.0.2\java\maven"/>
    <property name="file.separator" value="\"/>
    <property name="java.vendor.url.bug" value="http://bugreport.sun.com/bugreport/"/>
    <property name="sun.cpu.endian" value="little"/>
    <property name="sun.io.unicode.encoding" value="UnicodeLittle"/>
    <property name="sun.desktop" value="windows"/>
    <property name="sun.cpu.isalist" value="amd64"/>
  </properties>
  <testcase classname="logic.DeckHandlerTest" name="getLatestMatch_returns_null_if_no_matches" time="0"/>
  <testcase classname="logic.DeckHandlerTest" name="removeMatch_doesnt_count_tie_as_loss" time="0"/>
  <testcase classname="logic.DeckHandlerTest" name="addMatch_counts_disconnect_as_loss" time="0"/>
  <testcase classname="logic.DeckHandlerTest" name="removeCard_returns_null_if_no_card_at_index" time="0"/>
  <testcase classname="logic.DeckHandlerTest" name="addMatch_doesnt_increase_win_count_if_loss" time="0"/>
  <testcase classname="logic.DeckHandlerTest" name="removeMatch_returns_null_if_no_match_at_index" time="0"/>
  <testcase classname="logic.DeckHandlerTest" name="addMatch_doesnt_count_tie_as_loss" time="0"/>
  <testcase classname="logic.DeckHandlerTest" name="removeMatch_corrects_match_numbers" time="0"/>
  <testcase classname="logic.DeckHandlerTest" name="removeMatch_counts_disconnect_as_loss" time="0"/>
  <testcase classname="logic.DeckHandlerTest" name="removeLatestMatch_removes_match_from_list" time="0"/>
  <testcase classname="logic.DeckHandlerTest" name="removeLatestMatch_doesnt_affect_match_numbers" time="0"/>
  <testcase classname="logic.DeckHandlerTest" name="addMatch_doesnt_count_tie_as_win" time="0"/>
  <testcase classname="logic.DeckHandlerTest" name="addMatch_doesnt_increase_loss_count_if_win" time="0"/>
  <testcase classname="logic.DeckHandlerTest" name="removeMatch_doesnt_decrease_loss_count_if_not_loss" time="0"/>
  <testcase classname="logic.DeckHandlerTest" name="addMatch_returns_true_if_3_losses" time="0"/>
  <testcase classname="logic.DeckHandlerTest" name="removeMatch_decreases_loss_count" time="0"/>
  <testcase classname="logic.DeckHandlerTest" name="getLatestMatch_returns_latest_added" time="0"/>
  <testcase classname="logic.DeckHandlerTest" name="removeMatch_decreases_win_count" time="0"/>
  <testcase classname="logic.DeckHandlerTest" name="addMatch_adds_to_list" time="0.001"/>
  <testcase classname="logic.DeckHandlerTest" name="addMatch_increases_loss_count" time="0"/>
  <testcase classname="logic.DeckHandlerTest" name="addCard_adds_card_to_list" time="0"/>
  <testcase classname="logic.DeckHandlerTest" name="removeMatch_doesnt_decrease_win_count_if_not_win" time="0"/>
  <testcase classname="logic.DeckHandlerTest" name="addMatch_sets_playerClass_to_match" time="0"/>
  <testcase classname="logic.DeckHandlerTest" name="removeMatch_returns_match_at_index" time="0"/>
  <testcase classname="logic.DeckHandlerTest" name="removeMatch_doesnt_count_disconnect_as_win" time="0"/>
  <testcase classname="logic.DeckHandlerTest" name="removeMatch_doesnt_count_tie_as_win" time="0"/>
  <testcase classname="logic.DeckHandlerTest" name="addMatch_returns_true_if_12_wins" time="0"/>
  <testcase classname="logic.DeckHandlerTest" name="addMatch_returns_false_if_not_finished" time="0"/>
  <testcase classname="logic.DeckHandlerTest" name="removeMatch_removes_match_from_list" time="0"/>
  <testcase classname="logic.DeckHandlerTest" name="removeLatestMatch_returns_null_if_no_matches" time="0"/>
  <testcase classname="logic.DeckHandlerTest" name="removeCard_removes_card_from_list" time="0"/>
  <testcase classname="logic.DeckHandlerTest" name="addMatch_sets_deck_to_match" time="0"/>
  <testcase classname="logic.DeckHandlerTest" name="removeCard_returns_card_at_index" time="0"/>
  <testcase classname="logic.DeckHandlerTest" name="addMatch_doesnt_count_disconnect_as_win" time="0"/>
  <testcase classname="logic.DeckHandlerTest" name="removeLatestMatch_returns_latest_match" time="0"/>
  <testcase classname="logic.DeckHandlerTest" name="addMatch_increases_win_count" time="0"/>
</testsuite>